0 info it worked if it ends with ok
1 verbose cli [ '/usr/bin/node',
1 verbose cli   '/usr/bin/npm',
1 verbose cli   'install',
1 verbose cli   '-g',
1 verbose cli   'ember-cli@0.1.5' ]
2 info using npm@1.4.28
3 info using node@v0.10.33
4 verbose node symlink /usr/bin/node
5 verbose cache add [ 'ember-cli@0.1.5', null ]
6 verbose cache add name=undefined spec="ember-cli@0.1.5" args=["ember-cli@0.1.5",null]
7 verbose parsed url { protocol: null,
7 verbose parsed url   slashes: null,
7 verbose parsed url   auth: null,
7 verbose parsed url   host: null,
7 verbose parsed url   port: null,
7 verbose parsed url   hostname: null,
7 verbose parsed url   hash: null,
7 verbose parsed url   search: null,
7 verbose parsed url   query: null,
7 verbose parsed url   pathname: 'ember-cli@0.1.5',
7 verbose parsed url   path: 'ember-cli@0.1.5',
7 verbose parsed url   href: 'ember-cli@0.1.5' }
8 verbose cache add name="ember-cli" spec="0.1.5" args=["ember-cli","0.1.5"]
9 verbose parsed url { protocol: null,
9 verbose parsed url   slashes: null,
9 verbose parsed url   auth: null,
9 verbose parsed url   host: null,
9 verbose parsed url   port: null,
9 verbose parsed url   hostname: null,
9 verbose parsed url   hash: null,
9 verbose parsed url   search: null,
9 verbose parsed url   query: null,
9 verbose parsed url   pathname: '0.1.5',
9 verbose parsed url   path: '0.1.5',
9 verbose parsed url   href: '0.1.5' }
10 verbose addNamed [ 'ember-cli', '0.1.5' ]
11 verbose addNamed [ '0.1.5', '0.1.5' ]
12 silly lockFile 52c7eefe-ember-cli-0-1-5 ember-cli@0.1.5
13 verbose lock ember-cli@0.1.5 /home/lucas/.npm/52c7eefe-ember-cli-0-1-5.lock
14 verbose request where is /ember-cli
15 verbose request registry http://registry.npmjs.org/
16 verbose request id ec04866bd17fb202
17 verbose url raw /ember-cli
18 verbose url resolving [ 'http://registry.npmjs.org/', './ember-cli' ]
19 verbose url resolved http://registry.npmjs.org/ember-cli
20 verbose request where is http://registry.npmjs.org/ember-cli
21 info trying registry request attempt 1 at 09:50:03
22 http GET http://registry.npmjs.org/ember-cli
23 http 200 http://registry.npmjs.org/ember-cli
24 silly registry.get cb [ 200,
24 silly registry.get   { server: 'CouchDB/1.5.0 (Erlang OTP/R16B03)',
24 silly registry.get     etag: '"EOZIZT9RSA5E0LIDDTHUHYLLX"',
24 silly registry.get     'content-type': 'application/json',
24 silly registry.get     'cache-control': 'max-age=60',
24 silly registry.get     'content-length': '210434',
24 silly registry.get     'accept-ranges': 'bytes',
24 silly registry.get     date: 'Thu, 18 Jun 2015 12:50:03 GMT',
24 silly registry.get     via: '1.1 varnish',
24 silly registry.get     age: '42',
24 silly registry.get     connection: 'keep-alive',
24 silly registry.get     'x-served-by': 'cache-iad2137-IAD',
24 silly registry.get     'x-cache': 'HIT',
24 silly registry.get     'x-cache-hits': '1',
24 silly registry.get     'x-timer': 'S1434631803.852382,VS0,VE1',
24 silly registry.get     vary: 'Accept' } ]
25 silly lockFile c3e2a735-rg-ember-cli-ember-cli-0-1-5-tgz http://registry.npmjs.org/ember-cli/-/ember-cli-0.1.5.tgz
26 verbose lock http://registry.npmjs.org/ember-cli/-/ember-cli-0.1.5.tgz /home/lucas/.npm/c3e2a735-rg-ember-cli-ember-cli-0-1-5-tgz.lock
27 verbose addRemoteTarball [ 'http://registry.npmjs.org/ember-cli/-/ember-cli-0.1.5.tgz',
27 verbose addRemoteTarball   'a5bde7cd9fac7f25d78bb4f100b492a7d6d30071' ]
28 info retry fetch attempt 1 at 09:50:05
29 verbose fetch to= /tmp/npm-22007-leQZ29Xq/registry.npmjs.org/ember-cli/-/ember-cli-0.1.5.tgz
30 http GET http://registry.npmjs.org/ember-cli/-/ember-cli-0.1.5.tgz
31 http 200 http://registry.npmjs.org/ember-cli/-/ember-cli-0.1.5.tgz
32 silly lockFile c3e2a735-rg-ember-cli-ember-cli-0-1-5-tgz http://registry.npmjs.org/ember-cli/-/ember-cli-0.1.5.tgz
33 silly lockFile c3e2a735-rg-ember-cli-ember-cli-0-1-5-tgz http://registry.npmjs.org/ember-cli/-/ember-cli-0.1.5.tgz
34 silly lockFile 52c7eefe-ember-cli-0-1-5 ember-cli@0.1.5
35 silly lockFile 52c7eefe-ember-cli-0-1-5 ember-cli@0.1.5
36 silly resolved [ { name: 'ember-cli',
36 silly resolved     version: '0.1.5',
36 silly resolved     main: 'lib/cli/index.js',
36 silly resolved     description: 'Command line tool for developing ambitious ember.js apps',
36 silly resolved     trackingCode: 'UA-49225444-1',
36 silly resolved     bin: { ember: './bin/ember' },
36 silly resolved     scripts:
36 silly resolved      { docs: 'node bin/generate-docs.js',
36 silly resolved        test: 'node tests/runner',
36 silly resolved        'test-all': 'node tests/runner all',
36 silly resolved        autotest: 'mocha --watch --reporter spec tests/**/*-test.js' },
36 silly resolved     repository:
36 silly resolved      { type: 'git',
36 silly resolved        url: 'https://github.com/ember-cli/ember-cli.git' },
36 silly resolved     engines: { node: '>= 0.10.0' },
36 silly resolved     keywords:
36 silly resolved      [ 'ember.js',
36 silly resolved        'ember',
36 silly resolved        'cli',
36 silly resolved        'app',
36 silly resolved        'kit',
36 silly resolved        'app-kit',
36 silly resolved        'ember-app-kit' ],
36 silly resolved     author: { name: 'Stefan Penner, Robert Jackson and ember-cli contributors' },
36 silly resolved     license: 'MIT',
36 silly resolved     bugs: { url: 'https://github.com/ember-cli/ember-cli/issues' },
36 silly resolved     dependencies:
36 silly resolved      { abbrev: '^1.0.5',
36 silly resolved        bower: '^1.3.5',
36 silly resolved        'bower-config': '0.5.2',
36 silly resolved        broccoli: '0.13.3',
36 silly resolved        'broccoli-caching-writer': '0.5.1',
36 silly resolved        'broccoli-clean-css': '0.2.0',
36 silly resolved        'broccoli-es3-safe-recast': '1.0.0',
36 silly resolved        'broccoli-es6-concatenator': '0.1.11',
36 silly resolved        'broccoli-es6modules': '^0.3.1',
36 silly resolved        'broccoli-filter': '0.1.7',
36 silly resolved        'broccoli-funnel': '0.1.5',
36 silly resolved        'broccoli-jshint': '0.5.3',
36 silly resolved        'broccoli-kitchen-sink-helpers': '0.2.5',
36 silly resolved        'broccoli-merge-trees': '0.2.1',
36 silly resolved        'broccoli-sane-watcher': 'git+https://github.com/krisselden/broccoli-sane-watcher',
36 silly resolved        'broccoli-sourcemap-concat': '^0.4.0',
36 silly resolved        'broccoli-static-compiler': '0.2.1',
36 silly resolved        'broccoli-uglify-sourcemap': '^0.2.1',
36 silly resolved        'broccoli-unwatched-tree': '0.1.1',
36 silly resolved        'broccoli-writer': '0.1.1',
36 silly resolved        chalk: '0.5.1',
36 silly resolved        'concat-stream': '^1.4.6',
36 silly resolved        configstore: '0.3.1',
36 silly resolved        'core-object': '0.0.2',
36 silly resolved        debug: '^2.1.0',
36 silly resolved        diff: '^1.0.8',
36 silly resolved        'ember-router-generator': '0.1.0',
36 silly resolved        'es6-module-transpiler': '^0.3.6',
36 silly resolved        exit: '^0.1.2',
36 silly resolved        express: '^4.8.5',
36 silly resolved        findup: '0.1.5',
36 silly resolved        'fs-extra': '0.12.0',
36 silly resolved        'git-repo-info': '^1.0.2',
36 silly resolved        glob: '4.0.5',
36 silly resolved        'http-proxy': '^1.6.2',
36 silly resolved        inflection: '^1.4.0',
36 silly resolved        inquirer: '0.5.1',
36 silly resolved        'js-string-escape': '^1.0.0',
36 silly resolved        leek: '0.0.17',
36 silly resolved        'lodash-node': '^2.4.1',
36 silly resolved        minimatch: '^1.0.0',
36 silly resolved        mkdirp: '0.5.0',
36 silly resolved        morgan: '^1.2.2',
36 silly resolved        ncp: '0.6.0',
36 silly resolved        'node-uuid': '^1.4.1',
36 silly resolved        nopt: '^3.0.1',
36 silly resolved        npm: '2.1.8',
36 silly resolved        'pleasant-progress': '^1.0.1',
36 silly resolved        'proxy-middleware': '0.6.0',
36 silly resolved        'quick-temp': '0.1.2',
36 silly resolved        readline2: '0.1.0',
36 silly resolved        resolve: '^1.0.0',
36 silly resolved        rimraf: '^2.2.8',
36 silly resolved        rsvp: '^3.0.14',
36 silly resolved        sane: '0.8.0',
36 silly resolved        semver: '^4.0.3',
36 silly resolved        'symlink-or-copy': '^1.0.0',
36 silly resolved        temp: '0.8.1',
36 silly resolved        testem: '0.6.22',
36 silly resolved        through: '^2.3.4',
36 silly resolved        'tiny-lr': '0.1.4',
36 silly resolved        'walk-sync': '0.1.3',
36 silly resolved        yam: '0.0.17' },
36 silly resolved     devDependencies:
36 silly resolved      { chai: '^1.9.1',
36 silly resolved        'chai-as-promised': '^4.1.1',
36 silly resolved        mocha: '^1.18.0',
36 silly resolved        'mocha-jshint': '0.0.9',
36 silly resolved        nock: '^0.51.0',
36 silly resolved        'node-require-timings': '0.0.2',
36 silly resolved        supertest: '0.14.0',
36 silly resolved        'tmp-sync': '^1.0.1',
36 silly resolved        yuidocjs: '0.3.50' },
36 silly resolved     homepage: 'https://github.com/ember-cli/ember-cli',
36 silly resolved     bundleDependencies:
36 silly resolved      [ 'bower',
36 silly resolved        'bower-config',
36 silly resolved        'broccoli',
36 silly resolved        'broccoli-clean-css',
36 silly resolved        'broccoli-es3-safe-recast',
36 silly resolved        'broccoli-es6-concatenator',
36 silly resolved        'broccoli-filter',
36 silly resolved        'broccoli-funnel',
36 silly resolved        'broccoli-jshint',
36 silly resolved        'broccoli-kitchen-sink-helpers',
36 silly resolved        'broccoli-merge-trees',
36 silly resolved        'broccoli-sane-watcher',
36 silly resolved        'broccoli-static-compiler',
36 silly resolved        'broccoli-uglify-sourcemap',
36 silly resolved        'broccoli-unwatched-tree',
36 silly resolved        'chalk',
36 silly resolved        'concat-stream',
36 silly resolved        'configstore',
36 silly resolved        'core-object',
36 silly resolved        'diff',
36 silly resolved        'ember-router-generator',
36 silly resolved        'express',
36 silly resolved        'findup',
36 silly resolved        'fs-extra',
36 silly resolved        'git-repo-info',
36 silly resolved        'glob',
36 silly resolved        'inflection',
36 silly resolved        'inquirer',
36 silly resolved        'leek',
36 silly resolved        'lodash-node',
36 silly resolved        'minimatch',
36 silly resolved        'mkdirp',
36 silly resolved        'morgan',
36 silly resolved        'ncp',
36 silly resolved        'node-uuid',
36 silly resolved        'nopt',
36 silly resolved        'npm',
36 silly resolved        'pleasant-progress',
36 silly resolved        'proxy-middleware',
36 silly resolved        'quick-temp',
36 silly resolved        'readline2',
36 silly resolved        'resolve',
36 silly resolved        'rimraf',
36 silly resolved        'rsvp',
36 silly resolved        'sane',
36 silly resolved        'semver',
36 silly resolved        'testem',
36 silly resolved        'through',
36 silly resolved        'tiny-lr',
36 silly resolved        'walk-sync' ],
36 silly resolved     _id: 'ember-cli@0.1.5',
36 silly resolved     _shasum: 'a5bde7cd9fac7f25d78bb4f100b492a7d6d30071',
36 silly resolved     _resolved: 'http://registry.npmjs.org/ember-cli/-/ember-cli-0.1.5.tgz',
36 silly resolved     _from: 'ember-cli@0.1.5',
36 silly resolved     _npmVersion: '1.4.28',
36 silly resolved     _npmUser: { name: 'abuiles', email: 'builes.adolfo@gmail.com' },
36 silly resolved     maintainers: [ [Object], [Object], [Object], [Object], [Object] ],
36 silly resolved     dist:
36 silly resolved      { shasum: 'a5bde7cd9fac7f25d78bb4f100b492a7d6d30071',
36 silly resolved        tarball: 'http://registry.npmjs.org/ember-cli/-/ember-cli-0.1.5.tgz' },
36 silly resolved     directories: {} } ]
37 info install ember-cli@0.1.5 into /usr/lib
38 info installOne ember-cli@0.1.5
39 verbose lib/node_modules/ember-cli unbuild
40 verbose tar unpack /home/lucas/.npm/ember-cli/0.1.5/package.tgz
41 silly lockFile 90b17a6b-r-usr-lib-node-modules-ember-cli tar:///usr/lib/node_modules/ember-cli
42 verbose lock tar:///usr/lib/node_modules/ember-cli /home/lucas/.npm/90b17a6b-r-usr-lib-node-modules-ember-cli.lock
43 silly lockFile 69944ca2--npm-ember-cli-0-1-5-package-tgz tar:///home/lucas/.npm/ember-cli/0.1.5/package.tgz
44 verbose lock tar:///home/lucas/.npm/ember-cli/0.1.5/package.tgz /home/lucas/.npm/69944ca2--npm-ember-cli-0-1-5-package-tgz.lock
45 silly gunzTarPerm modes [ '775', '664' ]
46 error Error: EACCES, mkdir '/usr/lib/node_modules/ember-cli'
46 error  { [Error: EACCES, mkdir '/usr/lib/node_modules/ember-cli']
46 error   errno: 3,
46 error   code: 'EACCES',
46 error   path: '/usr/lib/node_modules/ember-cli',
46 error   fstream_type: 'Directory',
46 error   fstream_path: '/usr/lib/node_modules/ember-cli',
46 error   fstream_class: 'DirWriter',
46 error   fstream_stack:
46 error    [ '/usr/lib/node_modules/npm/node_modules/fstream/lib/dir-writer.js:36:23',
46 error      '/usr/lib/node_modules/npm/node_modules/mkdirp/index.js:46:53',
46 error      'Object.oncomplete (fs.js:107:15)' ] }
47 error Please try running this command again as root/Administrator.
48 error System Linux 3.13.0-32-generic
49 error command "/usr/bin/node" "/usr/bin/npm" "install" "-g" "ember-cli@0.1.5"
50 error cwd /home/lucas/workspace/israel/youtube
51 error node -v v0.10.33
52 error npm -v 1.4.28
53 error path /usr/lib/node_modules/ember-cli
54 error fstream_path /usr/lib/node_modules/ember-cli
55 error fstream_type Directory
56 error fstream_class DirWriter
57 error code EACCES
58 error errno 3
59 error stack Error: EACCES, mkdir '/usr/lib/node_modules/ember-cli'
60 error fstream_stack /usr/lib/node_modules/npm/node_modules/fstream/lib/dir-writer.js:36:23
60 error fstream_stack /usr/lib/node_modules/npm/node_modules/mkdirp/index.js:46:53
60 error fstream_stack Object.oncomplete (fs.js:107:15)
61 verbose exit [ 3, true ]
